<?xml version="1.0" encoding="UTF-8"?>
<!-- Generated by org.testng.reporters.JUnitXMLReporter -->
<testsuite hostname="MyLaptops" ignored="5" name="Test3" tests="1" failures="0" timestamp="23 Jun 2020 10:56:50 GMT" time="2.044" errors="0">
  <testcase name="Test1" time="2.04" classname="TestNG.Annotations"/>
  <testcase name="Test4" time="0.0" classname="TestNG.Annotations">
    <ignored/>
  </testcase> <!-- Test4 -->
  <testcase name="Test6" time="0.0" classname="TestNG.Annotations">
    <ignored/>
  </testcase> <!-- Test6 -->
  <testcase name="Test3" time="0.0" classname="TestNG.Annotations">
    <ignored/>
  </testcase> <!-- Test3 -->
  <testcase name="Test5" time="0.0" classname="TestNG.Annotations">
    <ignored/>
  </testcase> <!-- Test5 -->
  <testcase name="Test2" time="0.0" classname="TestNG.Annotations">
    <ignored/>
  </testcase> <!-- Test2 -->
</testsuite> <!-- Test3 -->
