<?xml version="1.0" encoding="UTF-8"?>
<!-- Generated by org.testng.reporters.JUnitXMLReporter -->
<testsuite hostname="MyLaptops" ignored="5" name="Test1" tests="1" failures="1" timestamp="23 Jun 2020 10:56:48 GMT" time="0.037" errors="0">
  <testcase name="Test1" time="0.004" classname="TestNG.Annotations">
    <failure type="java.lang.NullPointerException">
      <![CDATA[java.lang.NullPointerException
at TestNG.Annotations.Test1(Annotations.java:30)
... Removed 25 stack frames]]>
    </failure>
  </testcase> <!-- Test1 -->
  <testcase name="Test4" time="0.0" classname="TestNG.Annotations">
    <ignored/>
  </testcase> <!-- Test4 -->
  <testcase name="Test6" time="0.0" classname="TestNG.Annotations">
    <ignored/>
  </testcase> <!-- Test6 -->
  <testcase name="Test3" time="0.0" classname="TestNG.Annotations">
    <ignored/>
  </testcase> <!-- Test3 -->
  <testcase name="Test5" time="0.0" classname="TestNG.Annotations">
    <ignored/>
  </testcase> <!-- Test5 -->
  <testcase name="Test2" time="0.0" classname="TestNG.Annotations">
    <ignored/>
  </testcase> <!-- Test2 -->
</testsuite> <!-- Test1 -->
