<?xml version="1.0" encoding="UTF-8"?>
<testng-results skipped="0" failed="0" ignored="10" total="12" passed="2">
  <reporter-output>
  </reporter-output>
  <suite name="Suite" duration-ms="44228" started-at="2020-06-23T11:47:22Z" finished-at="2020-06-23T11:48:06Z">
    <groups>
      <group name="Regression">
        <method signature="Annotations.Test1()[pri:0, instance:TestNG.Annotations@59e84876]" name="Test1" class="TestNG.Annotations"/>
        <method signature="Annotations.Test1()[pri:0, instance:TestNG.Annotations@32d992b2]" name="Test1" class="TestNG.Annotations"/>
      </group> <!-- Regression -->
    </groups>
    <test name="Test1" duration-ms="17813" started-at="2020-06-23T11:47:22Z" finished-at="2020-06-23T11:47:40Z">
      <class name="TestNG.Annotations">
        <test-method status="PASS" signature="beforeTest()[pri:0, instance:TestNG.Annotations@59e84876]" name="beforeTest" is-config="true" duration-ms="0" started-at="2020-06-23T11:47:22Z" finished-at="2020-06-23T11:47:22Z">
          <reporter-output>
          </reporter-output>
        </test-method> <!-- beforeTest -->
        <test-method status="PASS" signature="beforeClass()[pri:0, instance:TestNG.Annotations@59e84876]" name="beforeClass" is-config="true" duration-ms="0" started-at="2020-06-23T11:47:22Z" finished-at="2020-06-23T11:47:22Z">
          <reporter-output>
          </reporter-output>
        </test-method> <!-- beforeClass -->
        <test-method status="PASS" signature="Test1()[pri:0, instance:TestNG.Annotations@59e84876]" name="Test1" duration-ms="17642" started-at="2020-06-23T11:47:22Z" finished-at="2020-06-23T11:47:40Z">
          <reporter-output>
          </reporter-output>
        </test-method> <!-- Test1 -->
        <test-method status="PASS" signature="beforeMethod()[pri:0, instance:TestNG.Annotations@59e84876]" name="beforeMethod" is-config="true" duration-ms="0" started-at="2020-06-23T11:47:22Z" finished-at="2020-06-23T11:47:22Z">
          <reporter-output>
          </reporter-output>
        </test-method> <!-- beforeMethod -->
        <test-method status="PASS" signature="afterMethod()[pri:0, instance:TestNG.Annotations@59e84876]" name="afterMethod" is-config="true" duration-ms="0" started-at="2020-06-23T11:47:40Z" finished-at="2020-06-23T11:47:40Z">
          <reporter-output>
          </reporter-output>
        </test-method> <!-- afterMethod -->
        <test-method status="PASS" signature="afterClass()[pri:0, instance:TestNG.Annotations@59e84876]" name="afterClass" is-config="true" duration-ms="0" started-at="2020-06-23T11:47:40Z" finished-at="2020-06-23T11:47:40Z">
          <reporter-output>
          </reporter-output>
        </test-method> <!-- afterClass -->
        <test-method status="PASS" signature="afterTest()[pri:0, instance:TestNG.Annotations@59e84876]" name="afterTest" is-config="true" duration-ms="0" started-at="2020-06-23T11:47:40Z" finished-at="2020-06-23T11:47:40Z">
          <reporter-output>
          </reporter-output>
        </test-method> <!-- afterTest -->
      </class> <!-- TestNG.Annotations -->
    </test> <!-- Test1 -->
    <test name="Test3" duration-ms="25891" started-at="2020-06-23T11:47:40Z" finished-at="2020-06-23T11:48:06Z">
      <class name="TestNG.Annotations">
        <test-method status="PASS" signature="beforeSuite()[pri:0, instance:TestNG.Annotations@32d992b2]" name="beforeSuite" is-config="true" duration-ms="57298" started-at="2020-06-23T11:46:25Z" finished-at="2020-06-23T11:47:22Z">
          <reporter-output>
          </reporter-output>
        </test-method> <!-- beforeSuite -->
        <test-method status="PASS" signature="Test1()[pri:0, instance:TestNG.Annotations@32d992b2]" name="Test1" duration-ms="25879" started-at="2020-06-23T11:47:40Z" finished-at="2020-06-23T11:48:06Z">
          <reporter-output>
          </reporter-output>
        </test-method> <!-- Test1 -->
        <test-method status="PASS" signature="afterSuite()[pri:0, instance:TestNG.Annotations@32d992b2]" name="afterSuite" is-config="true" duration-ms="3348" started-at="2020-06-23T11:48:06Z" finished-at="2020-06-23T11:48:09Z">
          <reporter-output>
          </reporter-output>
        </test-method> <!-- afterSuite -->
      </class> <!-- TestNG.Annotations -->
    </test> <!-- Test3 -->
  </suite> <!-- Suite -->
</testng-results>
