<?xml version="1.0" encoding="UTF-8"?>
<testng-results skipped="0" failed="1" ignored="10" total="12" passed="1">
  <reporter-output>
  </reporter-output>
  <suite name="Suite" duration-ms="2145" started-at="2020-06-23T10:56:48Z" finished-at="2020-06-23T10:56:50Z">
    <groups>
      <group name="Regression">
        <method signature="Annotations.Test1()[pri:0, instance:TestNG.Annotations@ff5b51f]" name="Test1" class="TestNG.Annotations"/>
        <method signature="Annotations.Test1()[pri:0, instance:TestNG.Annotations@4fe3c938]" name="Test1" class="TestNG.Annotations"/>
      </group> <!-- Regression -->
    </groups>
    <test name="Test1" duration-ms="37" started-at="2020-06-23T10:56:48Z" finished-at="2020-06-23T10:56:48Z">
      <class name="TestNG.Annotations">
        <test-method status="PASS" signature="beforeTest()[pri:0, instance:TestNG.Annotations@ff5b51f]" name="beforeTest" is-config="true" duration-ms="0" started-at="2020-06-23T10:56:48Z" finished-at="2020-06-23T10:56:48Z">
          <reporter-output>
          </reporter-output>
        </test-method> <!-- beforeTest -->
        <test-method status="PASS" signature="beforeClass()[pri:0, instance:TestNG.Annotations@ff5b51f]" name="beforeClass" is-config="true" duration-ms="0" started-at="2020-06-23T10:56:48Z" finished-at="2020-06-23T10:56:48Z">
          <reporter-output>
          </reporter-output>
        </test-method> <!-- beforeClass -->
        <test-method status="PASS" signature="beforeMethod()[pri:0, instance:TestNG.Annotations@ff5b51f]" name="beforeMethod" is-config="true" duration-ms="0" started-at="2020-06-23T10:56:48Z" finished-at="2020-06-23T10:56:48Z">
          <reporter-output>
          </reporter-output>
        </test-method> <!-- beforeMethod -->
        <test-method status="FAIL" signature="Test1()[pri:0, instance:TestNG.Annotations@ff5b51f]" name="Test1" duration-ms="4" started-at="2020-06-23T10:56:48Z" finished-at="2020-06-23T10:56:48Z">
          <exception class="java.lang.NullPointerException">
            <full-stacktrace>
              <![CDATA[java.lang.NullPointerException
at TestNG.Annotations.Test1(Annotations.java:30)
at sun.reflect.NativeMethodAccessorImpl.invoke0(Native Method)
at sun.reflect.NativeMethodAccessorImpl.invoke(NativeMethodAccessorImpl.java:62)
at sun.reflect.DelegatingMethodAccessorImpl.invoke(DelegatingMethodAccessorImpl.java:43)
at java.lang.reflect.Method.invoke(Method.java:498)
at org.testng.internal.MethodInvocationHelper.invokeMethod(MethodInvocationHelper.java:124)
at org.testng.internal.Invoker.invokeMethod(Invoker.java:583)
at org.testng.internal.Invoker.invokeTestMethod(Invoker.java:719)
at org.testng.internal.Invoker.invokeTestMethods(Invoker.java:989)
at org.testng.internal.TestMethodWorker.invokeTestMethods(TestMethodWorker.java:125)
at org.testng.internal.TestMethodWorker.run(TestMethodWorker.java:109)
at org.testng.TestRunner.privateRun(TestRunner.java:648)
at org.testng.TestRunner.run(TestRunner.java:505)
at org.testng.SuiteRunner.runTest(SuiteRunner.java:455)
at org.testng.SuiteRunner.runSequentially(SuiteRunner.java:450)
at org.testng.SuiteRunner.privateRun(SuiteRunner.java:415)
at org.testng.SuiteRunner.run(SuiteRunner.java:364)
at org.testng.SuiteRunnerWorker.runSuite(SuiteRunnerWorker.java:52)
at org.testng.SuiteRunnerWorker.run(SuiteRunnerWorker.java:84)
at org.testng.TestNG.runSuitesSequentially(TestNG.java:1208)
at org.testng.TestNG.runSuitesLocally(TestNG.java:1137)
at org.testng.TestNG.runSuites(TestNG.java:1049)
at org.testng.TestNG.run(TestNG.java:1017)
at org.testng.remote.AbstractRemoteTestNG.run(AbstractRemoteTestNG.java:114)
at org.testng.remote.RemoteTestNG.initAndRun(RemoteTestNG.java:251)
at org.testng.remote.RemoteTestNG.main(RemoteTestNG.java:77)
]]>
            </full-stacktrace>
          </exception> <!-- java.lang.NullPointerException -->
          <reporter-output>
          </reporter-output>
        </test-method> <!-- Test1 -->
        <test-method status="PASS" signature="afterMethod()[pri:0, instance:TestNG.Annotations@ff5b51f]" name="afterMethod" is-config="true" duration-ms="0" started-at="2020-06-23T10:56:48Z" finished-at="2020-06-23T10:56:48Z">
          <reporter-output>
          </reporter-output>
        </test-method> <!-- afterMethod -->
        <test-method status="PASS" signature="afterClass()[pri:0, instance:TestNG.Annotations@ff5b51f]" name="afterClass" is-config="true" duration-ms="0" started-at="2020-06-23T10:56:48Z" finished-at="2020-06-23T10:56:48Z">
          <reporter-output>
          </reporter-output>
        </test-method> <!-- afterClass -->
        <test-method status="PASS" signature="afterTest()[pri:0, instance:TestNG.Annotations@ff5b51f]" name="afterTest" is-config="true" duration-ms="0" started-at="2020-06-23T10:56:48Z" finished-at="2020-06-23T10:56:48Z">
          <reporter-output>
          </reporter-output>
        </test-method> <!-- afterTest -->
      </class> <!-- TestNG.Annotations -->
    </test> <!-- Test1 -->
    <test name="Test3" duration-ms="2044" started-at="2020-06-23T10:56:48Z" finished-at="2020-06-23T10:56:50Z">
      <class name="TestNG.Annotations">
        <test-method status="PASS" signature="beforeSuite()[pri:0, instance:TestNG.Annotations@4fe3c938]" name="beforeSuite" is-config="true" duration-ms="15789" started-at="2020-06-23T10:56:32Z" finished-at="2020-06-23T10:56:48Z">
          <reporter-output>
          </reporter-output>
        </test-method> <!-- beforeSuite -->
        <test-method status="PASS" signature="Test1()[pri:0, instance:TestNG.Annotations@4fe3c938]" name="Test1" duration-ms="2040" started-at="2020-06-23T10:56:48Z" finished-at="2020-06-23T10:56:50Z">
          <reporter-output>
          </reporter-output>
        </test-method> <!-- Test1 -->
        <test-method status="PASS" signature="afterSuite()[pri:0, instance:TestNG.Annotations@4fe3c938]" name="afterSuite" is-config="true" duration-ms="1074" started-at="2020-06-23T10:56:50Z" finished-at="2020-06-23T10:56:51Z">
          <reporter-output>
          </reporter-output>
        </test-method> <!-- afterSuite -->
      </class> <!-- TestNG.Annotations -->
    </test> <!-- Test3 -->
  </suite> <!-- Suite -->
</testng-results>
